2016-06-17 14:41:45 Error: [MissingControllerException] Controller class JsController could not be found.
Exception Attributes: array (
  'class' => 'JsController',
  'plugin' => NULL,
)
Request URL: /cakephpadmin/js/angular.min.js.map
Stack Trace:
#0 /var/www/html/cakephpadmin/app/webroot/index.php(118): Dispatcher->dispatch(Object(CakeRequest), Object(CakeResponse))
#1 {main}
2016-06-17 14:41:45 Error: [MissingControllerException] Controller class LogoController could not be found.
Exception Attributes: array (
  'class' => 'LogoController',
  'plugin' => NULL,
)
Request URL: /cakephpadmin/logo/sample-logo-black12.png
Stack Trace:
#0 /var/www/html/cakephpadmin/app/webroot/index.php(118): Dispatcher->dispatch(Object(CakeRequest), Object(CakeResponse))
#1 {main}
2016-06-17 14:42:41 Error: [MissingControllerException] Controller class LogoController could not be found.
Exception Attributes: array (
  'class' => 'LogoController',
  'plugin' => NULL,
)
Request URL: /cakephpadmin/logo/sample-logo-black12.png
Stack Trace:
#0 /var/www/html/cakephpadmin/app/webroot/index.php(118): Dispatcher->dispatch(Object(CakeRequest), Object(CakeResponse))
#1 {main}
2016-06-17 14:42:46 Error: [MissingControllerException] Controller class JsController could not be found.
Exception Attributes: array (
  'class' => 'JsController',
  'plugin' => NULL,
)
Request URL: /cakephpadmin/js/angular.min.js.map
Stack Trace:
#0 /var/www/html/cakephpadmin/app/webroot/index.php(118): Dispatcher->dispatch(Object(CakeRequest), Object(CakeResponse))
#1 {main}
2016-06-17 14:43:24 Error: [MissingControllerException] Controller class JsController could not be found.
Exception Attributes: array (
  'class' => 'JsController',
  'plugin' => NULL,
)
Request URL: /cakephpadmin/js/angular.min.js.map
Stack Trace:
#0 /var/www/html/cakephpadmin/app/webroot/index.php(118): Dispatcher->dispatch(Object(CakeRequest), Object(CakeResponse))
#1 {main}
2016-06-17 14:44:34 Error: [MissingControllerException] Controller class JsController could not be found.
Exception Attributes: array (
  'class' => 'JsController',
  'plugin' => NULL,
)
Request URL: /cakephpadmin/js/angular.min.js.map
Stack Trace:
#0 /var/www/html/cakephpadmin/app/webroot/index.php(118): Dispatcher->dispatch(Object(CakeRequest), Object(CakeResponse))
#1 {main}
2016-06-17 14:44:37 Error: [MissingControllerException] Controller class JsController could not be found.
Exception Attributes: array (
  'class' => 'JsController',
  'plugin' => NULL,
)
Request URL: /cakephpadmin/js/angular.min.js.map
Stack Trace:
#0 /var/www/html/cakephpadmin/app/webroot/index.php(118): Dispatcher->dispatch(Object(CakeRequest), Object(CakeResponse))
#1 {main}
2016-06-17 14:47:25 Error: [MissingActionException] Action DashboardController::img() could not be found.
Exception Attributes: array (
  'controller' => 'DashboardController',
  'action' => 'img',
)
Request URL: /cakephpadmin/dashboard/img/logo/sample-logo@2x.png
Stack Trace:
#0 /var/www/html/cakephpadmin/lib/Cake/Routing/Dispatcher.php(193): Controller->invokeAction(Object(CakeRequest))
#1 /var/www/html/cakephpadmin/lib/Cake/Routing/Dispatcher.php(167): Dispatcher->_invoke(Object(DashboardController), Object(CakeRequest))
#2 /var/www/html/cakephpadmin/app/webroot/index.php(118): Dispatcher->dispatch(Object(CakeRequest), Object(CakeResponse))
#3 {main}
2016-06-17 14:47:30 Error: [MissingActionException] Action DashboardController::img() could not be found.
Exception Attributes: array (
  'controller' => 'DashboardController',
  'action' => 'img',
)
Request URL: /cakephpadmin/dashboard/img/logo/sample-logo@2x.png
Stack Trace:
#0 /var/www/html/cakephpadmin/lib/Cake/Routing/Dispatcher.php(193): Controller->invokeAction(Object(CakeRequest))
#1 /var/www/html/cakephpadmin/lib/Cake/Routing/Dispatcher.php(167): Dispatcher->_invoke(Object(DashboardController), Object(CakeRequest))
#2 /var/www/html/cakephpadmin/app/webroot/index.php(118): Dispatcher->dispatch(Object(CakeRequest), Object(CakeResponse))
#3 {main}
2016-06-17 14:47:55 Error: [MissingControllerException] Controller class JsController could not be found.
Exception Attributes: array (
  'class' => 'JsController',
  'plugin' => NULL,
)
Request URL: /cakephpadmin/js/angular.min.js.map
Stack Trace:
#0 /var/www/html/cakephpadmin/app/webroot/index.php(118): Dispatcher->dispatch(Object(CakeRequest), Object(CakeResponse))
#1 {main}
2016-06-17 15:01:18 Error: Fatal Error (1): Maximum function nesting level of '100' reached, aborting! in [/var/www/html/cakephpadmin/app/View/Helper/ModuleHelper.php, line 8]
2016-06-17 15:01:18 Error: [FatalErrorException] Maximum function nesting level of '100' reached, aborting!
Request URL: /cakephpadmin/dashboard/index
Stack Trace:
#0 /var/www/html/cakephpadmin/lib/Cake/Error/ErrorHandler.php(213): ErrorHandler::handleFatalError(1, 'Maximum functio...', '/var/www/html/c...', 8)
#1 [internal function]: ErrorHandler::handleError(1, 'Maximum functio...', '/var/www/html/c...', 8, Array)
#2 /var/www/html/cakephpadmin/lib/Cake/Core/App.php(933): call_user_func('ErrorHandler::h...', 1, 'Maximum functio...', '/var/www/html/c...', 8, Array)
#3 /var/www/html/cakephpadmin/lib/Cake/Core/App.php(906): App::_checkFatalError()
#4 [internal function]: App::shutdown()
#5 {main}
2016-06-17 15:01:18 Error: Fatal Error (1): Maximum function nesting level of '100' reached, aborting! in [/var/www/html/cakephpadmin/app/View/Helper/ModuleHelper.php, line 8]
2016-06-17 15:01:18 Error: [FatalErrorException] Maximum function nesting level of '100' reached, aborting!
Request URL: /cakephpadmin/dashboard/index
Stack Trace:
#0 /var/www/html/cakephpadmin/lib/Cake/Error/ErrorHandler.php(213): ErrorHandler::handleFatalError(1, 'Maximum functio...', '/var/www/html/c...', 8)
#1 [internal function]: ErrorHandler::handleError(1, 'Maximum functio...', '/var/www/html/c...', 8, Array)
#2 /var/www/html/cakephpadmin/lib/Cake/Core/App.php(933): call_user_func('ErrorHandler::h...', 1, 'Maximum functio...', '/var/www/html/c...', 8, Array)
#3 /var/www/html/cakephpadmin/lib/Cake/Core/App.php(906): App::_checkFatalError()
#4 [internal function]: App::shutdown()
#5 {main}
2016-06-17 15:01:18 Error: Fatal Error (1): Maximum function nesting level of '100' reached, aborting! in [/var/www/html/cakephpadmin/app/View/Helper/ModuleHelper.php, line 8]
2016-06-17 15:01:18 Error: [FatalErrorException] Maximum function nesting level of '100' reached, aborting!
Request URL: /cakephpadmin/dashboard/index
Stack Trace:
#0 /var/www/html/cakephpadmin/lib/Cake/Error/ErrorHandler.php(213): ErrorHandler::handleFatalError(1, 'Maximum functio...', '/var/www/html/c...', 8)
#1 [internal function]: ErrorHandler::handleError(1, 'Maximum functio...', '/var/www/html/c...', 8, Array)
#2 /var/www/html/cakephpadmin/lib/Cake/Core/App.php(933): call_user_func('ErrorHandler::h...', 1, 'Maximum functio...', '/var/www/html/c...', 8, Array)
#3 /var/www/html/cakephpadmin/lib/Cake/Core/App.php(906): App::_checkFatalError()
#4 [internal function]: App::shutdown()
#5 {main}
2016-06-17 15:01:18 Error: Fatal Error (1): Maximum function nesting level of '100' reached, aborting! in [/var/www/html/cakephpadmin/app/View/Helper/ModuleHelper.php, line 8]
2016-06-17 15:01:18 Error: [FatalErrorException] Maximum function nesting level of '100' reached, aborting!
Request URL: /cakephpadmin/dashboard/index
Stack Trace:
#0 /var/www/html/cakephpadmin/lib/Cake/Error/ErrorHandler.php(213): ErrorHandler::handleFatalError(1, 'Maximum functio...', '/var/www/html/c...', 8)
#1 [internal function]: ErrorHandler::handleError(1, 'Maximum functio...', '/var/www/html/c...', 8, Array)
#2 /var/www/html/cakephpadmin/lib/Cake/Core/App.php(933): call_user_func('ErrorHandler::h...', 1, 'Maximum functio...', '/var/www/html/c...', 8, Array)
#3 /var/www/html/cakephpadmin/lib/Cake/Core/App.php(906): App::_checkFatalError()
#4 [internal function]: App::shutdown()
#5 {main}
2016-06-17 15:01:19 Error: Fatal Error (1): Maximum function nesting level of '100' reached, aborting! in [/var/www/html/cakephpadmin/app/View/Helper/ModuleHelper.php, line 8]
2016-06-17 15:01:19 Error: [FatalErrorException] Maximum function nesting level of '100' reached, aborting!
Request URL: /cakephpadmin/dashboard/index
Stack Trace:
#0 /var/www/html/cakephpadmin/lib/Cake/Error/ErrorHandler.php(213): ErrorHandler::handleFatalError(1, 'Maximum functio...', '/var/www/html/c...', 8)
#1 [internal function]: ErrorHandler::handleError(1, 'Maximum functio...', '/var/www/html/c...', 8, Array)
#2 /var/www/html/cakephpadmin/lib/Cake/Core/App.php(933): call_user_func('ErrorHandler::h...', 1, 'Maximum functio...', '/var/www/html/c...', 8, Array)
#3 /var/www/html/cakephpadmin/lib/Cake/Core/App.php(906): App::_checkFatalError()
#4 [internal function]: App::shutdown()
#5 {main}
2016-06-17 15:01:19 Error: Fatal Error (1): Maximum function nesting level of '100' reached, aborting! in [/var/www/html/cakephpadmin/app/View/Helper/ModuleHelper.php, line 8]
2016-06-17 15:01:19 Error: [FatalErrorException] Maximum function nesting level of '100' reached, aborting!
Request URL: /cakephpadmin/dashboard/index
Stack Trace:
#0 /var/www/html/cakephpadmin/lib/Cake/Error/ErrorHandler.php(213): ErrorHandler::handleFatalError(1, 'Maximum functio...', '/var/www/html/c...', 8)
#1 [internal function]: ErrorHandler::handleError(1, 'Maximum functio...', '/var/www/html/c...', 8, Array)
#2 /var/www/html/cakephpadmin/lib/Cake/Core/App.php(933): call_user_func('ErrorHandler::h...', 1, 'Maximum functio...', '/var/www/html/c...', 8, Array)
#3 /var/www/html/cakephpadmin/lib/Cake/Core/App.php(906): App::_checkFatalError()
#4 [internal function]: App::shutdown()
#5 {main}
2016-06-17 15:01:19 Error: Fatal Error (1): Maximum function nesting level of '100' reached, aborting! in [/var/www/html/cakephpadmin/app/View/Helper/ModuleHelper.php, line 8]
2016-06-17 15:01:19 Error: [FatalErrorException] Maximum function nesting level of '100' reached, aborting!
Request URL: /cakephpadmin/dashboard/index
Stack Trace:
#0 /var/www/html/cakephpadmin/lib/Cake/Error/ErrorHandler.php(213): ErrorHandler::handleFatalError(1, 'Maximum functio...', '/var/www/html/c...', 8)
#1 [internal function]: ErrorHandler::handleError(1, 'Maximum functio...', '/var/www/html/c...', 8, Array)
#2 /var/www/html/cakephpadmin/lib/Cake/Core/App.php(933): call_user_func('ErrorHandler::h...', 1, 'Maximum functio...', '/var/www/html/c...', 8, Array)
#3 /var/www/html/cakephpadmin/lib/Cake/Core/App.php(906): App::_checkFatalError()
#4 [internal function]: App::shutdown()
#5 {main}
2016-06-17 15:01:19 Error: Fatal Error (1): Maximum function nesting level of '100' reached, aborting! in [/var/www/html/cakephpadmin/app/View/Helper/ModuleHelper.php, line 8]
2016-06-17 15:01:19 Error: [FatalErrorException] Maximum function nesting level of '100' reached, aborting!
Request URL: /cakephpadmin/dashboard/index
Stack Trace:
#0 /var/www/html/cakephpadmin/lib/Cake/Error/ErrorHandler.php(213): ErrorHandler::handleFatalError(1, 'Maximum functio...', '/var/www/html/c...', 8)
#1 [internal function]: ErrorHandler::handleError(1, 'Maximum functio...', '/var/www/html/c...', 8, Array)
#2 /var/www/html/cakephpadmin/lib/Cake/Core/App.php(933): call_user_func('ErrorHandler::h...', 1, 'Maximum functio...', '/var/www/html/c...', 8, Array)
#3 /var/www/html/cakephpadmin/lib/Cake/Core/App.php(906): App::_checkFatalError()
#4 [internal function]: App::shutdown()
#5 {main}
2016-06-17 15:02:38 Error: [MissingActionException] Action DashboardController::img() could not be found.
Exception Attributes: array (
  'controller' => 'DashboardController',
  'action' => 'img',
)
Request URL: /cakephpadmin/dashboard/img/logo/sample-logo@2x.png
Stack Trace:
#0 /var/www/html/cakephpadmin/lib/Cake/Routing/Dispatcher.php(193): Controller->invokeAction(Object(CakeRequest))
#1 /var/www/html/cakephpadmin/lib/Cake/Routing/Dispatcher.php(167): Dispatcher->_invoke(Object(DashboardController), Object(CakeRequest))
#2 /var/www/html/cakephpadmin/app/webroot/index.php(118): Dispatcher->dispatch(Object(CakeRequest), Object(CakeResponse))
#3 {main}
2016-06-17 15:07:50 Error: [MissingActionException] Action DashboardController::img() could not be found.
Exception Attributes: array (
  'controller' => 'DashboardController',
  'action' => 'img',
)
Request URL: /cakephpadmin/dashboard/img/logo/sample-logo@2x.png
Stack Trace:
#0 /var/www/html/cakephpadmin/lib/Cake/Routing/Dispatcher.php(193): Controller->invokeAction(Object(CakeRequest))
#1 /var/www/html/cakephpadmin/lib/Cake/Routing/Dispatcher.php(167): Dispatcher->_invoke(Object(DashboardController), Object(CakeRequest))
#2 /var/www/html/cakephpadmin/app/webroot/index.php(118): Dispatcher->dispatch(Object(CakeRequest), Object(CakeResponse))
#3 {main}
2016-06-17 15:07:53 Error: [MissingActionException] Action TemplateController::img() could not be found.
Exception Attributes: array (
  'controller' => 'TemplateController',
  'action' => 'img',
)
Request URL: /cakephpadmin/Template/img/logo/sample-logo@2x.png
Stack Trace:
#0 /var/www/html/cakephpadmin/lib/Cake/Routing/Dispatcher.php(193): Controller->invokeAction(Object(CakeRequest))
#1 /var/www/html/cakephpadmin/lib/Cake/Routing/Dispatcher.php(167): Dispatcher->_invoke(Object(TemplateController), Object(CakeRequest))
#2 /var/www/html/cakephpadmin/app/webroot/index.php(118): Dispatcher->dispatch(Object(CakeRequest), Object(CakeResponse))
#3 {main}
2016-06-17 15:08:19 Error: [MissingActionException] Action FaqController::img() could not be found.
Exception Attributes: array (
  'controller' => 'FaqController',
  'action' => 'img',
)
Request URL: /cakephpadmin/Faq/img/logo/sample-logo@2x.png
Stack Trace:
#0 /var/www/html/cakephpadmin/lib/Cake/Routing/Dispatcher.php(193): Controller->invokeAction(Object(CakeRequest))
#1 /var/www/html/cakephpadmin/lib/Cake/Routing/Dispatcher.php(167): Dispatcher->_invoke(Object(FaqController), Object(CakeRequest))
#2 /var/www/html/cakephpadmin/app/webroot/index.php(118): Dispatcher->dispatch(Object(CakeRequest), Object(CakeResponse))
#3 {main}
2016-06-17 15:08:23 Error: [MissingActionException] Action PostsController::img() could not be found.
Exception Attributes: array (
  'controller' => 'PostsController',
  'action' => 'img',
)
Request URL: /cakephpadmin/Posts/img/logo/sample-logo@2x.png
Stack Trace:
#0 /var/www/html/cakephpadmin/lib/Cake/Routing/Dispatcher.php(193): Controller->invokeAction(Object(CakeRequest))
#1 /var/www/html/cakephpadmin/lib/Cake/Routing/Dispatcher.php(167): Dispatcher->_invoke(Object(PostsController), Object(CakeRequest))
#2 /var/www/html/cakephpadmin/app/webroot/index.php(118): Dispatcher->dispatch(Object(CakeRequest), Object(CakeResponse))
#3 {main}
2016-06-17 15:14:23 Error: [MissingActionException] Action PostsController::img() could not be found.
Exception Attributes: array (
  'controller' => 'PostsController',
  'action' => 'img',
)
Request URL: /cakephpadmin/Posts/img/logo/sample-logo@2x.png
Stack Trace:
#0 /var/www/html/cakephpadmin/lib/Cake/Routing/Dispatcher.php(193): Controller->invokeAction(Object(CakeRequest))
#1 /var/www/html/cakephpadmin/lib/Cake/Routing/Dispatcher.php(167): Dispatcher->_invoke(Object(PostsController), Object(CakeRequest))
#2 /var/www/html/cakephpadmin/app/webroot/index.php(118): Dispatcher->dispatch(Object(CakeRequest), Object(CakeResponse))
#3 {main}
2016-06-17 15:14:55 Error: [MissingActionException] Action PostsController::img() could not be found.
Exception Attributes: array (
  'controller' => 'PostsController',
  'action' => 'img',
)
Request URL: /cakephpadmin/Posts/img/logo/sample-logo@2x.png
Stack Trace:
#0 /var/www/html/cakephpadmin/lib/Cake/Routing/Dispatcher.php(193): Controller->invokeAction(Object(CakeRequest))
#1 /var/www/html/cakephpadmin/lib/Cake/Routing/Dispatcher.php(167): Dispatcher->_invoke(Object(PostsController), Object(CakeRequest))
#2 /var/www/html/cakephpadmin/app/webroot/index.php(118): Dispatcher->dispatch(Object(CakeRequest), Object(CakeResponse))
#3 {main}
2016-06-17 15:14:59 Error: [MissingControllerException] Controller class JsController could not be found.
Exception Attributes: array (
  'class' => 'JsController',
  'plugin' => NULL,
)
Request URL: /cakephpadmin/js/tiny_mce/tiny_mce.js
Stack Trace:
#0 /var/www/html/cakephpadmin/app/webroot/index.php(118): Dispatcher->dispatch(Object(CakeRequest), Object(CakeResponse))
#1 {main}
2016-06-17 15:14:59 Error: [NotFoundException] Invalid Post
Request URL: /cakephpadmin/posts/edit/img/logo/sample-logo@2x.png
Stack Trace:
#0 [internal function]: PostsController->edit('img', 'logo', 'sample-logo@2x')
#1 /var/www/html/cakephpadmin/lib/Cake/Controller/Controller.php(490): ReflectionMethod->invokeArgs(Object(PostsController), Array)
#2 /var/www/html/cakephpadmin/lib/Cake/Routing/Dispatcher.php(193): Controller->invokeAction(Object(CakeRequest))
#3 /var/www/html/cakephpadmin/lib/Cake/Routing/Dispatcher.php(167): Dispatcher->_invoke(Object(PostsController), Object(CakeRequest))
#4 /var/www/html/cakephpadmin/app/webroot/index.php(118): Dispatcher->dispatch(Object(CakeRequest), Object(CakeResponse))
#5 {main}
2016-06-17 15:15:08 Error: [MissingControllerException] Controller class JsController could not be found.
Exception Attributes: array (
  'class' => 'JsController',
  'plugin' => NULL,
)
Request URL: /cakephpadmin/js/tiny_mce/tiny_mce.js
Stack Trace:
#0 /var/www/html/cakephpadmin/app/webroot/index.php(118): Dispatcher->dispatch(Object(CakeRequest), Object(CakeResponse))
#1 {main}
2016-06-17 15:15:08 Error: [NotFoundException] Invalid Post
Request URL: /cakephpadmin/posts/edit/img/logo/sample-logo@2x.png
Stack Trace:
#0 [internal function]: PostsController->edit('img', 'logo', 'sample-logo@2x')
#1 /var/www/html/cakephpadmin/lib/Cake/Controller/Controller.php(490): ReflectionMethod->invokeArgs(Object(PostsController), Array)
#2 /var/www/html/cakephpadmin/lib/Cake/Routing/Dispatcher.php(193): Controller->invokeAction(Object(CakeRequest))
#3 /var/www/html/cakephpadmin/lib/Cake/Routing/Dispatcher.php(167): Dispatcher->_invoke(Object(PostsController), Object(CakeRequest))
#4 /var/www/html/cakephpadmin/app/webroot/index.php(118): Dispatcher->dispatch(Object(CakeRequest), Object(CakeResponse))
#5 {main}
2016-06-17 15:20:44 Error: [MissingActionException] Action PostsController::img() could not be found.
Exception Attributes: array (
  'controller' => 'PostsController',
  'action' => 'img',
)
Request URL: /cakephpadmin/posts/img/logo/sample-logo@2x.png
Stack Trace:
#0 /var/www/html/cakephpadmin/lib/Cake/Routing/Dispatcher.php(193): Controller->invokeAction(Object(CakeRequest))
#1 /var/www/html/cakephpadmin/lib/Cake/Routing/Dispatcher.php(167): Dispatcher->_invoke(Object(PostsController), Object(CakeRequest))
#2 /var/www/html/cakephpadmin/app/webroot/index.php(118): Dispatcher->dispatch(Object(CakeRequest), Object(CakeResponse))
#3 {main}
2016-06-17 15:21:30 Error: [MissingActionException] Action PostsController::img() could not be found.
Exception Attributes: array (
  'controller' => 'PostsController',
  'action' => 'img',
)
Request URL: /cakephpadmin/posts/img/logo/sample-logo@2x.png
Stack Trace:
#0 /var/www/html/cakephpadmin/lib/Cake/Routing/Dispatcher.php(193): Controller->invokeAction(Object(CakeRequest))
#1 /var/www/html/cakephpadmin/lib/Cake/Routing/Dispatcher.php(167): Dispatcher->_invoke(Object(PostsController), Object(CakeRequest))
#2 /var/www/html/cakephpadmin/app/webroot/index.php(118): Dispatcher->dispatch(Object(CakeRequest), Object(CakeResponse))
#3 {main}
2016-06-17 15:21:50 Error: [MissingActionException] Action PostsController::img() could not be found.
Exception Attributes: array (
  'controller' => 'PostsController',
  'action' => 'img',
)
Request URL: /cakephpadmin/posts/img/logo/sample-logo@2x.png
Stack Trace:
#0 /var/www/html/cakephpadmin/lib/Cake/Routing/Dispatcher.php(193): Controller->invokeAction(Object(CakeRequest))
#1 /var/www/html/cakephpadmin/lib/Cake/Routing/Dispatcher.php(167): Dispatcher->_invoke(Object(PostsController), Object(CakeRequest))
#2 /var/www/html/cakephpadmin/app/webroot/index.php(118): Dispatcher->dispatch(Object(CakeRequest), Object(CakeResponse))
#3 {main}
2016-06-17 15:22:05 Error: [MissingControllerException] Controller class JsController could not be found.
Exception Attributes: array (
  'class' => 'JsController',
  'plugin' => NULL,
)
Request URL: /cakephpadmin/js/angular.min.js.map
Stack Trace:
#0 /var/www/html/cakephpadmin/app/webroot/index.php(118): Dispatcher->dispatch(Object(CakeRequest), Object(CakeResponse))
#1 {main}
2016-06-17 15:25:39 Error: [MissingActionException] Action PostsController::img() could not be found.
Exception Attributes: array (
  'controller' => 'PostsController',
  'action' => 'img',
)
Request URL: /cakephpadmin/posts/img/logo/sample-logo@2x.png
Stack Trace:
#0 /var/www/html/cakephpadmin/lib/Cake/Routing/Dispatcher.php(193): Controller->invokeAction(Object(CakeRequest))
#1 /var/www/html/cakephpadmin/lib/Cake/Routing/Dispatcher.php(167): Dispatcher->_invoke(Object(PostsController), Object(CakeRequest))
#2 /var/www/html/cakephpadmin/app/webroot/index.php(118): Dispatcher->dispatch(Object(CakeRequest), Object(CakeResponse))
#3 {main}
2016-06-17 15:25:39 Error: [MissingControllerException] Controller class JsController could not be found.
Exception Attributes: array (
  'class' => 'JsController',
  'plugin' => NULL,
)
Request URL: /cakephpadmin/js/angular.min.js.map
Stack Trace:
#0 /var/www/html/cakephpadmin/app/webroot/index.php(118): Dispatcher->dispatch(Object(CakeRequest), Object(CakeResponse))
#1 {main}
2016-06-17 15:26:15 Error: [MissingControllerException] Controller class JsController could not be found.
Exception Attributes: array (
  'class' => 'JsController',
  'plugin' => NULL,
)
Request URL: /cakephpadmin/js/angular.min.js.map
Stack Trace:
#0 /var/www/html/cakephpadmin/app/webroot/index.php(118): Dispatcher->dispatch(Object(CakeRequest), Object(CakeResponse))
#1 {main}
2016-06-17 15:26:15 Error: [MissingActionException] Action PostsController::img() could not be found.
Exception Attributes: array (
  'controller' => 'PostsController',
  'action' => 'img',
)
Request URL: /cakephpadmin/posts/img/logo/sample-logo@2x.png
Stack Trace:
#0 /var/www/html/cakephpadmin/lib/Cake/Routing/Dispatcher.php(193): Controller->invokeAction(Object(CakeRequest))
#1 /var/www/html/cakephpadmin/lib/Cake/Routing/Dispatcher.php(167): Dispatcher->_invoke(Object(PostsController), Object(CakeRequest))
#2 /var/www/html/cakephpadmin/app/webroot/index.php(118): Dispatcher->dispatch(Object(CakeRequest), Object(CakeResponse))
#3 {main}
2016-06-17 15:27:05 Error: [MissingControllerException] Controller class JsController could not be found.
Exception Attributes: array (
  'class' => 'JsController',
  'plugin' => NULL,
)
Request URL: /cakephpadmin/js/angular.min.js.map
Stack Trace:
#0 /var/www/html/cakephpadmin/app/webroot/index.php(118): Dispatcher->dispatch(Object(CakeRequest), Object(CakeResponse))
#1 {main}
2016-06-17 15:27:05 Error: [MissingActionException] Action PostsController::img() could not be found.
Exception Attributes: array (
  'controller' => 'PostsController',
  'action' => 'img',
)
Request URL: /cakephpadmin/posts/img//logo/sample-logo@2x.png
Stack Trace:
#0 /var/www/html/cakephpadmin/lib/Cake/Routing/Dispatcher.php(193): Controller->invokeAction(Object(CakeRequest))
#1 /var/www/html/cakephpadmin/lib/Cake/Routing/Dispatcher.php(167): Dispatcher->_invoke(Object(PostsController), Object(CakeRequest))
#2 /var/www/html/cakephpadmin/app/webroot/index.php(118): Dispatcher->dispatch(Object(CakeRequest), Object(CakeResponse))
#3 {main}
2016-06-17 15:27:36 Error: [MissingControllerException] Controller class JsController could not be found.
Exception Attributes: array (
  'class' => 'JsController',
  'plugin' => NULL,
)
Request URL: /cakephpadmin/js/angular.min.js.map
Stack Trace:
#0 /var/www/html/cakephpadmin/app/webroot/index.php(118): Dispatcher->dispatch(Object(CakeRequest), Object(CakeResponse))
#1 {main}
2016-06-17 15:27:57 Error: [MissingControllerException] Controller class JsController could not be found.
Exception Attributes: array (
  'class' => 'JsController',
  'plugin' => NULL,
)
Request URL: /cakephpadmin/js/angular.min.js.map
Stack Trace:
#0 /var/www/html/cakephpadmin/app/webroot/index.php(118): Dispatcher->dispatch(Object(CakeRequest), Object(CakeResponse))
#1 {main}
2016-06-17 15:28:03 Error: [MissingControllerException] Controller class JsController could not be found.
Exception Attributes: array (
  'class' => 'JsController',
  'plugin' => NULL,
)
Request URL: /cakephpadmin/js/angular.min.js.map
Stack Trace:
#0 /var/www/html/cakephpadmin/app/webroot/index.php(118): Dispatcher->dispatch(Object(CakeRequest), Object(CakeResponse))
#1 {main}
2016-06-17 15:28:09 Error: [MissingControllerException] Controller class JsController could not be found.
Exception Attributes: array (
  'class' => 'JsController',
  'plugin' => NULL,
)
Request URL: /cakephpadmin/js/angular.min.js.map
Stack Trace:
#0 /var/www/html/cakephpadmin/app/webroot/index.php(118): Dispatcher->dispatch(Object(CakeRequest), Object(CakeResponse))
#1 {main}
2016-06-17 15:28:26 Error: [MissingControllerException] Controller class JsController could not be found.
Exception Attributes: array (
  'class' => 'JsController',
  'plugin' => NULL,
)
Request URL: /cakephpadmin/js/angular.min.js.map
Stack Trace:
#0 /var/www/html/cakephpadmin/app/webroot/index.php(118): Dispatcher->dispatch(Object(CakeRequest), Object(CakeResponse))
#1 {main}
2016-06-17 15:28:53 Error: [MissingControllerException] Controller class JsController could not be found.
Exception Attributes: array (
  'class' => 'JsController',
  'plugin' => NULL,
)
Request URL: /cakephpadmin/js/angular.min.js.map
Stack Trace:
#0 /var/www/html/cakephpadmin/app/webroot/index.php(118): Dispatcher->dispatch(Object(CakeRequest), Object(CakeResponse))
#1 {main}
2016-06-17 15:30:39 Error: [MissingControllerException] Controller class JsController could not be found.
Exception Attributes: array (
  'class' => 'JsController',
  'plugin' => NULL,
)
Request URL: /cakephpadmin/js/angular.min.js.map
Stack Trace:
#0 /var/www/html/cakephpadmin/app/webroot/index.php(118): Dispatcher->dispatch(Object(CakeRequest), Object(CakeResponse))
#1 {main}
2016-06-17 15:32:09 Error: [MissingControllerException] Controller class JsController could not be found.
Exception Attributes: array (
  'class' => 'JsController',
  'plugin' => NULL,
)
Request URL: /cakephpadmin/js/tiny_mce/tiny_mce.js
Stack Trace:
#0 /var/www/html/cakephpadmin/app/webroot/index.php(118): Dispatcher->dispatch(Object(CakeRequest), Object(CakeResponse))
#1 {main}
2016-06-17 15:36:06 Error: [MissingControllerException] Controller class JsController could not be found.
Exception Attributes: array (
  'class' => 'JsController',
  'plugin' => NULL,
)
Request URL: /cakephpadmin/js/angular.min.js.map
Stack Trace:
#0 /var/www/html/cakephpadmin/app/webroot/index.php(118): Dispatcher->dispatch(Object(CakeRequest), Object(CakeResponse))
#1 {main}
2016-06-17 15:36:17 Error: [MissingControllerException] Controller class JsController could not be found.
Exception Attributes: array (
  'class' => 'JsController',
  'plugin' => NULL,
)
Request URL: /cakephpadmin/js/angular.min.js.map
Stack Trace:
#0 /var/www/html/cakephpadmin/app/webroot/index.php(118): Dispatcher->dispatch(Object(CakeRequest), Object(CakeResponse))
#1 {main}
2016-06-17 15:36:58 Error: [PDOException] SQLSTATE[23000]: Integrity constraint violation: 1048 Column 'created_by' cannot be null
Request URL: /cakephpadmin/posts/edit/50007
Stack Trace:
#0 /var/www/html/cakephpadmin/lib/Cake/Model/Datasource/DboSource.php(461): PDOStatement->execute(Array)
#1 /var/www/html/cakephpadmin/lib/Cake/Model/Datasource/DboSource.php(427): DboSource->_execute('INSERT INTO `ca...', Array)
#2 /var/www/html/cakephpadmin/lib/Cake/Model/Datasource/DboSource.php(1020): DboSource->execute('INSERT INTO `ca...')
#3 /var/www/html/cakephpadmin/lib/Cake/Model/Model.php(1928): DboSource->create(Object(TagMaster), Array, Array)
#4 /var/www/html/cakephpadmin/lib/Cake/Model/Model.php(1751): Model->_doSave(NULL, Array)
#5 /var/www/html/cakephpadmin/app/Controller/PostsController.php(84): Model->save()
#6 /var/www/html/cakephpadmin/app/Controller/Component/CrudComponent.php(227): PostsController->onSaveSuccess(Array, Object(Post))
#7 /var/www/html/cakephpadmin/app/Controller/PostsController.php(169): CrudComponent->edit('50007')
#8 [internal function]: PostsController->edit('50007')
#9 /var/www/html/cakephpadmin/lib/Cake/Controller/Controller.php(490): ReflectionMethod->invokeArgs(Object(PostsController), Array)
#10 /var/www/html/cakephpadmin/lib/Cake/Routing/Dispatcher.php(193): Controller->invokeAction(Object(CakeRequest))
#11 /var/www/html/cakephpadmin/lib/Cake/Routing/Dispatcher.php(167): Dispatcher->_invoke(Object(PostsController), Object(CakeRequest))
#12 /var/www/html/cakephpadmin/app/webroot/index.php(118): Dispatcher->dispatch(Object(CakeRequest), Object(CakeResponse))
#13 {main}
2016-06-17 15:46:27 Error: [MissingTableException] Table post_tag_slave for model PostTag was not found in datasource default.
Exception Attributes: array (
  'table' => 'post_tag_slave',
  'class' => 'PostTag',
  'ds' => 'default',
)
Request URL: /cakephpadmin/posts/edit/15
Stack Trace:
#0 /var/www/html/cakephpadmin/lib/Cake/Model/Model.php(3648): Model->setSource('post_tag_slave')
#1 /var/www/html/cakephpadmin/lib/Cake/Model/Model.php(3026): Model->getDataSource()
#2 /var/www/html/cakephpadmin/lib/Cake/Model/Model.php(2998): Model->_readDataSource('all', Array)
#3 /var/www/html/cakephpadmin/app/Controller/PostsController.php(133): Model->find('all', Array)
#4 [internal function]: PostsController->edit('15')
#5 /var/www/html/cakephpadmin/lib/Cake/Controller/Controller.php(490): ReflectionMethod->invokeArgs(Object(PostsController), Array)
#6 /var/www/html/cakephpadmin/lib/Cake/Routing/Dispatcher.php(193): Controller->invokeAction(Object(CakeRequest))
#7 /var/www/html/cakephpadmin/lib/Cake/Routing/Dispatcher.php(167): Dispatcher->_invoke(Object(PostsController), Object(CakeRequest))
#8 /var/www/html/cakephpadmin/app/webroot/index.php(118): Dispatcher->dispatch(Object(CakeRequest), Object(CakeResponse))
#9 {main}
2016-06-17 16:45:41 Error: [MissingControllerException] Controller class JsController could not be found.
Exception Attributes: array (
  'class' => 'JsController',
  'plugin' => NULL,
)
Request URL: /cakephpadmin/js/tiny_mce/tiny_mce.js
Stack Trace:
#0 /var/www/html/cakephpadmin/app/webroot/index.php(118): Dispatcher->dispatch(Object(CakeRequest), Object(CakeResponse))
#1 {main}
2016-06-17 16:45:50 Error: [MissingControllerException] Controller class JsController could not be found.
Exception Attributes: array (
  'class' => 'JsController',
  'plugin' => NULL,
)
Request URL: /cakephpadmin/js/tiny_mce/tiny_mce.js
Stack Trace:
#0 /var/www/html/cakephpadmin/app/webroot/index.php(118): Dispatcher->dispatch(Object(CakeRequest), Object(CakeResponse))
#1 {main}
2016-06-17 16:48:10 Error: [MissingControllerException] Controller class JsController could not be found.
Exception Attributes: array (
  'class' => 'JsController',
  'plugin' => NULL,
)
Request URL: /cakephpadmin/js/angular.min.js.map
Stack Trace:
#0 /var/www/html/cakephpadmin/app/webroot/index.php(118): Dispatcher->dispatch(Object(CakeRequest), Object(CakeResponse))
#1 {main}
2016-06-17 16:48:17 Error: [MissingControllerException] Controller class JsController could not be found.
Exception Attributes: array (
  'class' => 'JsController',
  'plugin' => NULL,
)
Request URL: /cakephpadmin/js/angular.min.js.map
Stack Trace:
#0 /var/www/html/cakephpadmin/app/webroot/index.php(118): Dispatcher->dispatch(Object(CakeRequest), Object(CakeResponse))
#1 {main}
2016-06-17 16:52:16 Error: [MissingControllerException] Controller class JsController could not be found.
Exception Attributes: array (
  'class' => 'JsController',
  'plugin' => NULL,
)
Request URL: /cakephpadmin/js/tiny_mce/tiny_mce.js
Stack Trace:
#0 /var/www/html/cakephpadmin/app/webroot/index.php(118): Dispatcher->dispatch(Object(CakeRequest), Object(CakeResponse))
#1 {main}
2016-06-17 16:57:06 Error: [MissingControllerException] Controller class JsController could not be found.
Exception Attributes: array (
  'class' => 'JsController',
  'plugin' => NULL,
)
Request URL: /cakephpadmin/js/angular.min.js.map
Stack Trace:
#0 /var/www/html/cakephpadmin/app/webroot/index.php(118): Dispatcher->dispatch(Object(CakeRequest), Object(CakeResponse))
#1 {main}
2016-06-17 16:57:22 Error: [MissingControllerException] Controller class JsController could not be found.
Exception Attributes: array (
  'class' => 'JsController',
  'plugin' => NULL,
)
Request URL: /cakephpadmin/js/angular.min.js.map
Stack Trace:
#0 /var/www/html/cakephpadmin/app/webroot/index.php(118): Dispatcher->dispatch(Object(CakeRequest), Object(CakeResponse))
#1 {main}
2016-06-17 16:57:43 Error: [MissingControllerException] Controller class JsController could not be found.
Exception Attributes: array (
  'class' => 'JsController',
  'plugin' => NULL,
)
Request URL: /cakephpadmin/js/angular.min.js.map
Stack Trace:
#0 /var/www/html/cakephpadmin/app/webroot/index.php(118): Dispatcher->dispatch(Object(CakeRequest), Object(CakeResponse))
#1 {main}
2016-06-17 17:29:44 Error: [PDOException] SQLSTATE[42S22]: Column not found: 1054 Unknown column 'Page.status' in 'where clause'
Request URL: /cakephpadmin/posts/ajax_fetch?datatable=true&numberRecordsPerPage=10&pageNumber=0&paginationMode=remote&searchTerm=active
Stack Trace:
#0 /var/www/html/cakephpadmin/lib/Cake/Model/Datasource/DboSource.php(461): PDOStatement->execute(Array)
#1 /var/www/html/cakephpadmin/lib/Cake/Model/Datasource/DboSource.php(427): DboSource->_execute('SELECT `Post`.`...', Array)
#2 /var/www/html/cakephpadmin/lib/Cake/Model/Datasource/DboSource.php(669): DboSource->execute('SELECT `Post`.`...', Array, Array)
#3 /var/www/html/cakephpadmin/lib/Cake/Model/Datasource/DboSource.php(1114): DboSource->fetchAll('SELECT `Post`.`...', false)
#4 /var/www/html/cakephpadmin/lib/Cake/Model/Model.php(3026): DboSource->read(Object(Post), Array)
#5 /var/www/html/cakephpadmin/lib/Cake/Model/Model.php(2998): Model->_readDataSource('all', Array)
#6 /var/www/html/cakephpadmin/app/Controller/Component/CrudComponent.php(113): Model->find('all', Array)
#7 /var/www/html/cakephpadmin/app/Controller/PostsController.php(212): CrudComponent->listdata(Array)
#8 [internal function]: PostsController->ajax_fetch()
#9 /var/www/html/cakephpadmin/lib/Cake/Controller/Controller.php(490): ReflectionMethod->invokeArgs(Object(PostsController), Array)
#10 /var/www/html/cakephpadmin/lib/Cake/Routing/Dispatcher.php(193): Controller->invokeAction(Object(CakeRequest))
#11 /var/www/html/cakephpadmin/lib/Cake/Routing/Dispatcher.php(167): Dispatcher->_invoke(Object(PostsController), Object(CakeRequest))
#12 /var/www/html/cakephpadmin/app/webroot/index.php(118): Dispatcher->dispatch(Object(CakeRequest), Object(CakeResponse))
#13 {main}
2016-06-17 17:29:53 Error: [MissingControllerException] Controller class JsController could not be found.
Exception Attributes: array (
  'class' => 'JsController',
  'plugin' => NULL,
)
Request URL: /cakephpadmin/js/angular.min.js.map
Stack Trace:
#0 /var/www/html/cakephpadmin/app/webroot/index.php(118): Dispatcher->dispatch(Object(CakeRequest), Object(CakeResponse))
#1 {main}
2016-06-17 17:29:59 Error: [PDOException] SQLSTATE[42S22]: Column not found: 1054 Unknown column 'Page.status' in 'where clause'
Request URL: /cakephpadmin/posts/ajax_fetch?datatable=true&numberRecordsPerPage=10&pageNumber=0&paginationMode=remote&searchTerm=active
Stack Trace:
#0 /var/www/html/cakephpadmin/lib/Cake/Model/Datasource/DboSource.php(461): PDOStatement->execute(Array)
#1 /var/www/html/cakephpadmin/lib/Cake/Model/Datasource/DboSource.php(427): DboSource->_execute('SELECT `Post`.`...', Array)
#2 /var/www/html/cakephpadmin/lib/Cake/Model/Datasource/DboSource.php(669): DboSource->execute('SELECT `Post`.`...', Array, Array)
#3 /var/www/html/cakephpadmin/lib/Cake/Model/Datasource/DboSource.php(1114): DboSource->fetchAll('SELECT `Post`.`...', false)
#4 /var/www/html/cakephpadmin/lib/Cake/Model/Model.php(3026): DboSource->read(Object(Post), Array)
#5 /var/www/html/cakephpadmin/lib/Cake/Model/Model.php(2998): Model->_readDataSource('all', Array)
#6 /var/www/html/cakephpadmin/app/Controller/Component/CrudComponent.php(113): Model->find('all', Array)
#7 /var/www/html/cakephpadmin/app/Controller/PostsController.php(212): CrudComponent->listdata(Array)
#8 [internal function]: PostsController->ajax_fetch()
#9 /var/www/html/cakephpadmin/lib/Cake/Controller/Controller.php(490): ReflectionMethod->invokeArgs(Object(PostsController), Array)
#10 /var/www/html/cakephpadmin/lib/Cake/Routing/Dispatcher.php(193): Controller->invokeAction(Object(CakeRequest))
#11 /var/www/html/cakephpadmin/lib/Cake/Routing/Dispatcher.php(167): Dispatcher->_invoke(Object(PostsController), Object(CakeRequest))
#12 /var/www/html/cakephpadmin/app/webroot/index.php(118): Dispatcher->dispatch(Object(CakeRequest), Object(CakeResponse))
#13 {main}
2016-06-17 17:30:35 Error: [MissingControllerException] Controller class JsController could not be found.
Exception Attributes: array (
  'class' => 'JsController',
  'plugin' => NULL,
)
Request URL: /cakephpadmin/js/angular.min.js.map
Stack Trace:
#0 /var/www/html/cakephpadmin/app/webroot/index.php(118): Dispatcher->dispatch(Object(CakeRequest), Object(CakeResponse))
#1 {main}
2016-06-17 17:34:47 Error: [MissingControllerException] Controller class JsController could not be found.
Exception Attributes: array (
  'class' => 'JsController',
  'plugin' => NULL,
)
Request URL: /cakephpadmin/js/tiny_mce/tiny_mce.js
Stack Trace:
#0 /var/www/html/cakephpadmin/app/webroot/index.php(118): Dispatcher->dispatch(Object(CakeRequest), Object(CakeResponse))
#1 {main}
2016-06-17 17:50:10 Error: [PDOException] SQLSTATE[42S22]: Column not found: 1054 Unknown column 'Post.title' in 'where clause'
Request URL: /cakephpadmin/posts/add
Stack Trace:
#0 /var/www/html/cakephpadmin/lib/Cake/Model/Datasource/DboSource.php(461): PDOStatement->execute(Array)
#1 /var/www/html/cakephpadmin/lib/Cake/Model/Datasource/DboSource.php(427): DboSource->_execute('SELECT COUNT(*)...', Array)
#2 /var/www/html/cakephpadmin/lib/Cake/Model/Datasource/DboSource.php(669): DboSource->execute('SELECT COUNT(*)...', Array, Array)
#3 /var/www/html/cakephpadmin/lib/Cake/Model/Datasource/DboSource.php(1114): DboSource->fetchAll('SELECT COUNT(*)...', false)
#4 /var/www/html/cakephpadmin/lib/Cake/Model/Model.php(3026): DboSource->read(Object(Post), Array)
#5 /var/www/html/cakephpadmin/lib/Cake/Model/Model.php(2998): Model->_readDataSource('count', Array)
#6 /var/www/html/cakephpadmin/app/Model/Post.php(57): Model->find('count', Array)
#7 [internal function]: Post->uniqueCheck(Array, 'subject', Array)
#8 /var/www/html/cakephpadmin/lib/Cake/Model/Validator/CakeValidationRule.php(275): call_user_func_array(Array, Array)
#9 /var/www/html/cakephpadmin/lib/Cake/Model/Validator/CakeValidationSet.php(135): CakeValidationRule->process('subject', Array, Array)
#10 /var/www/html/cakephpadmin/lib/Cake/Model/ModelValidator.php(268): CakeValidationSet->validate(Array, false)
#11 /var/www/html/cakephpadmin/lib/Cake/Model/ModelValidator.php(99): ModelValidator->errors(Array)
#12 /var/www/html/cakephpadmin/lib/Cake/Model/Model.php(3464): ModelValidator->validates(Array)
#13 /var/www/html/cakephpadmin/lib/Cake/Model/ModelValidator.php(134): Model->validates(Array)
#14 /var/www/html/cakephpadmin/lib/Cake/Model/Model.php(2645): ModelValidator->validateAssociated(Array, Array)
#15 /var/www/html/cakephpadmin/lib/Cake/Model/Model.php(2449): Model->validateAssociated(Array, Array)
#16 /var/www/html/cakephpadmin/lib/Cake/Model/Model.php(2273): Model->saveAssociated(Array, Array)
#17 /var/www/html/cakephpadmin/app/Controller/Component/CrudComponent.php(178): Model->saveAll(Array, Array)
#18 /var/www/html/cakephpadmin/app/Controller/PostsController.php(53): CrudComponent->add()
#19 [internal function]: PostsController->add()
#20 /var/www/html/cakephpadmin/lib/Cake/Controller/Controller.php(490): ReflectionMethod->invokeArgs(Object(PostsController), Array)
#21 /var/www/html/cakephpadmin/lib/Cake/Routing/Dispatcher.php(193): Controller->invokeAction(Object(CakeRequest))
#22 /var/www/html/cakephpadmin/lib/Cake/Routing/Dispatcher.php(167): Dispatcher->_invoke(Object(PostsController), Object(CakeRequest))
#23 /var/www/html/cakephpadmin/app/webroot/index.php(118): Dispatcher->dispatch(Object(CakeRequest), Object(CakeResponse))
#24 {main}
2016-06-17 17:54:18 Error: [MissingControllerException] Controller class JsController could not be found.
Exception Attributes: array (
  'class' => 'JsController',
  'plugin' => NULL,
)
Request URL: /cakephpadmin/js/tiny_mce/tiny_mce.js
Stack Trace:
#0 /var/www/html/cakephpadmin/app/webroot/index.php(118): Dispatcher->dispatch(Object(CakeRequest), Object(CakeResponse))
#1 {main}
2016-06-17 17:54:26 Error: [MissingControllerException] Controller class JsController could not be found.
Exception Attributes: array (
  'class' => 'JsController',
  'plugin' => NULL,
)
Request URL: /cakephpadmin/js/tiny_mce/tiny_mce.js
Stack Trace:
#0 /var/www/html/cakephpadmin/app/webroot/index.php(118): Dispatcher->dispatch(Object(CakeRequest), Object(CakeResponse))
#1 {main}
2016-06-17 17:54:29 Error: [MissingControllerException] Controller class JsController could not be found.
Exception Attributes: array (
  'class' => 'JsController',
  'plugin' => NULL,
)
Request URL: /cakephpadmin/js/tiny_mce/tiny_mce.js
Stack Trace:
#0 /var/www/html/cakephpadmin/app/webroot/index.php(118): Dispatcher->dispatch(Object(CakeRequest), Object(CakeResponse))
#1 {main}
2016-06-17 17:54:53 Error: [MissingControllerException] Controller class JsController could not be found.
Exception Attributes: array (
  'class' => 'JsController',
  'plugin' => NULL,
)
Request URL: /cakephpadmin/js/tiny_mce/tiny_mce.js
Stack Trace:
#0 /var/www/html/cakephpadmin/app/webroot/index.php(118): Dispatcher->dispatch(Object(CakeRequest), Object(CakeResponse))
#1 {main}
2016-06-17 17:54:58 Error: [MissingControllerException] Controller class JsController could not be found.
Exception Attributes: array (
  'class' => 'JsController',
  'plugin' => NULL,
)
Request URL: /cakephpadmin/js/tiny_mce/tiny_mce.js
Stack Trace:
#0 /var/www/html/cakephpadmin/app/webroot/index.php(118): Dispatcher->dispatch(Object(CakeRequest), Object(CakeResponse))
#1 {main}
2016-06-17 17:59:21 Error: [MissingControllerException] Controller class JsController could not be found.
Exception Attributes: array (
  'class' => 'JsController',
  'plugin' => NULL,
)
Request URL: /cakephpadmin/js/tiny_mce/tiny_mce.js
Stack Trace:
#0 /var/www/html/cakephpadmin/app/webroot/index.php(118): Dispatcher->dispatch(Object(CakeRequest), Object(CakeResponse))
#1 {main}
2016-06-17 17:59:26 Error: [MissingControllerException] Controller class JsController could not be found.
Exception Attributes: array (
  'class' => 'JsController',
  'plugin' => NULL,
)
Request URL: /cakephpadmin/js/angular.min.js.map
Stack Trace:
#0 /var/www/html/cakephpadmin/app/webroot/index.php(118): Dispatcher->dispatch(Object(CakeRequest), Object(CakeResponse))
#1 {main}
2016-06-17 17:59:34 Error: [MissingControllerException] Controller class JsController could not be found.
Exception Attributes: array (
  'class' => 'JsController',
  'plugin' => NULL,
)
Request URL: /cakephpadmin/js/tiny_mce/tiny_mce.js
Stack Trace:
#0 /var/www/html/cakephpadmin/app/webroot/index.php(118): Dispatcher->dispatch(Object(CakeRequest), Object(CakeResponse))
#1 {main}
2016-06-17 17:59:34 Error: [MissingControllerException] Controller class JsController could not be found.
Exception Attributes: array (
  'class' => 'JsController',
  'plugin' => NULL,
)
Request URL: /cakephpadmin/js/angular.min.js.map
Stack Trace:
#0 /var/www/html/cakephpadmin/app/webroot/index.php(118): Dispatcher->dispatch(Object(CakeRequest), Object(CakeResponse))
#1 {main}
2016-06-17 18:00:11 Error: [MissingControllerException] Controller class JsController could not be found.
Exception Attributes: array (
  'class' => 'JsController',
  'plugin' => NULL,
)
Request URL: /cakephpadmin/js/angular.min.js.map
Stack Trace:
#0 /var/www/html/cakephpadmin/app/webroot/index.php(118): Dispatcher->dispatch(Object(CakeRequest), Object(CakeResponse))
#1 {main}
2016-06-17 18:01:28 Error: [MissingControllerException] Controller class JsController could not be found.
Exception Attributes: array (
  'class' => 'JsController',
  'plugin' => NULL,
)
Request URL: /cakephpadmin/js/angular.min.js.map
Stack Trace:
#0 /var/www/html/cakephpadmin/app/webroot/index.php(118): Dispatcher->dispatch(Object(CakeRequest), Object(CakeResponse))
#1 {main}
2016-06-17 18:03:40 Error: [MissingControllerException] Controller class JsController could not be found.
Exception Attributes: array (
  'class' => 'JsController',
  'plugin' => NULL,
)
Request URL: /cakephpadmin/js/angular.min.js.map
Stack Trace:
#0 /var/www/html/cakephpadmin/app/webroot/index.php(118): Dispatcher->dispatch(Object(CakeRequest), Object(CakeResponse))
#1 {main}
2016-06-17 18:04:23 Error: [MissingControllerException] Controller class JsController could not be found.
Exception Attributes: array (
  'class' => 'JsController',
  'plugin' => NULL,
)
Request URL: /cakephpadmin/js/angular.min.js.map
Stack Trace:
#0 /var/www/html/cakephpadmin/app/webroot/index.php(118): Dispatcher->dispatch(Object(CakeRequest), Object(CakeResponse))
#1 {main}
2016-06-17 18:04:27 Error: [MissingControllerException] Controller class JsController could not be found.
Exception Attributes: array (
  'class' => 'JsController',
  'plugin' => NULL,
)
Request URL: /cakephpadmin/js/angular.min.js.map
Stack Trace:
#0 /var/www/html/cakephpadmin/app/webroot/index.php(118): Dispatcher->dispatch(Object(CakeRequest), Object(CakeResponse))
#1 {main}
2016-06-17 18:05:29 Error: [MissingControllerException] Controller class JsController could not be found.
Exception Attributes: array (
  'class' => 'JsController',
  'plugin' => NULL,
)
Request URL: /cakephpadmin/js/angular.min.js.map
Stack Trace:
#0 /var/www/html/cakephpadmin/app/webroot/index.php(118): Dispatcher->dispatch(Object(CakeRequest), Object(CakeResponse))
#1 {main}
2016-06-17 18:06:29 Error: [MissingControllerException] Controller class JsController could not be found.
Exception Attributes: array (
  'class' => 'JsController',
  'plugin' => NULL,
)
Request URL: /cakephpadmin/js/angular.min.js.map
Stack Trace:
#0 /var/www/html/cakephpadmin/app/webroot/index.php(118): Dispatcher->dispatch(Object(CakeRequest), Object(CakeResponse))
#1 {main}
2016-06-17 18:06:33 Error: [MissingControllerException] Controller class JsController could not be found.
Exception Attributes: array (
  'class' => 'JsController',
  'plugin' => NULL,
)
Request URL: /cakephpadmin/js/angular.min.js.map
Stack Trace:
#0 /var/www/html/cakephpadmin/app/webroot/index.php(118): Dispatcher->dispatch(Object(CakeRequest), Object(CakeResponse))
#1 {main}
2016-06-17 18:06:36 Error: [MissingControllerException] Controller class JsController could not be found.
Exception Attributes: array (
  'class' => 'JsController',
  'plugin' => NULL,
)
Request URL: /cakephpadmin/js/angular.min.js.map
Stack Trace:
#0 /var/www/html/cakephpadmin/app/webroot/index.php(118): Dispatcher->dispatch(Object(CakeRequest), Object(CakeResponse))
#1 {main}
2016-06-17 18:14:40 Error: [MissingControllerException] Controller class JsController could not be found.
Exception Attributes: array (
  'class' => 'JsController',
  'plugin' => NULL,
)
Request URL: /cakephpadmin/js/angular.min.js.map
Stack Trace:
#0 /var/www/html/cakephpadmin/app/webroot/index.php(118): Dispatcher->dispatch(Object(CakeRequest), Object(CakeResponse))
#1 {main}
2016-06-17 18:15:06 Error: [MissingControllerException] Controller class JsController could not be found.
Exception Attributes: array (
  'class' => 'JsController',
  'plugin' => NULL,
)
Request URL: /cakephpadmin/js/angular.min.js.map
Stack Trace:
#0 /var/www/html/cakephpadmin/app/webroot/index.php(118): Dispatcher->dispatch(Object(CakeRequest), Object(CakeResponse))
#1 {main}
2016-06-17 18:15:08 Error: [MissingControllerException] Controller class JsController could not be found.
Exception Attributes: array (
  'class' => 'JsController',
  'plugin' => NULL,
)
Request URL: /cakephpadmin/js/angular.min.js.map
Stack Trace:
#0 /var/www/html/cakephpadmin/app/webroot/index.php(118): Dispatcher->dispatch(Object(CakeRequest), Object(CakeResponse))
#1 {main}
2016-06-17 18:15:20 Error: [MissingControllerException] Controller class JsController could not be found.
Exception Attributes: array (
  'class' => 'JsController',
  'plugin' => NULL,
)
Request URL: /cakephpadmin/js/tiny_mce/tiny_mce.js
Stack Trace:
#0 /var/www/html/cakephpadmin/app/webroot/index.php(118): Dispatcher->dispatch(Object(CakeRequest), Object(CakeResponse))
#1 {main}
2016-06-17 18:15:25 Error: [MissingControllerException] Controller class JsController could not be found.
Exception Attributes: array (
  'class' => 'JsController',
  'plugin' => NULL,
)
Request URL: /cakephpadmin/js/tiny_mce/tiny_mce.js
Stack Trace:
#0 /var/www/html/cakephpadmin/app/webroot/index.php(118): Dispatcher->dispatch(Object(CakeRequest), Object(CakeResponse))
#1 {main}
2016-06-17 18:22:43 Error: [PDOException] SQLSTATE[42S22]: Column not found: 1054 Unknown column 'Page.status' in 'where clause'
Request URL: /cakephpadmin/faq/ajax_fetch?datatable=true&numberRecordsPerPage=10&pageNumber=0&paginationMode=remote&searchTerm=active
Stack Trace:
#0 /var/www/html/cakephpadmin/lib/Cake/Model/Datasource/DboSource.php(461): PDOStatement->execute(Array)
#1 /var/www/html/cakephpadmin/lib/Cake/Model/Datasource/DboSource.php(427): DboSource->_execute('SELECT `Faq`.`i...', Array)
#2 /var/www/html/cakephpadmin/lib/Cake/Model/Datasource/DboSource.php(669): DboSource->execute('SELECT `Faq`.`i...', Array, Array)
#3 /var/www/html/cakephpadmin/lib/Cake/Model/Datasource/DboSource.php(1114): DboSource->fetchAll('SELECT `Faq`.`i...', false)
#4 /var/www/html/cakephpadmin/lib/Cake/Model/Model.php(3026): DboSource->read(Object(Faq), Array)
#5 /var/www/html/cakephpadmin/lib/Cake/Model/Model.php(2998): Model->_readDataSource('all', Array)
#6 /var/www/html/cakephpadmin/app/Controller/Component/CrudComponent.php(113): Model->find('all', Array)
#7 /var/www/html/cakephpadmin/app/Controller/FaqController.php(112): CrudComponent->listdata(Array, false)
#8 [internal function]: FaqController->ajax_fetch()
#9 /var/www/html/cakephpadmin/lib/Cake/Controller/Controller.php(490): ReflectionMethod->invokeArgs(Object(FaqController), Array)
#10 /var/www/html/cakephpadmin/lib/Cake/Routing/Dispatcher.php(193): Controller->invokeAction(Object(CakeRequest))
#11 /var/www/html/cakephpadmin/lib/Cake/Routing/Dispatcher.php(167): Dispatcher->_invoke(Object(FaqController), Object(CakeRequest))
#12 /var/www/html/cakephpadmin/app/webroot/index.php(118): Dispatcher->dispatch(Object(CakeRequest), Object(CakeResponse))
#13 {main}
2016-06-17 18:30:35 Error: [MissingControllerException] Controller class TagMasterController could not be found.
Exception Attributes: array (
  'class' => 'TagMasterController',
  'plugin' => NULL,
)
Request URL: /cakephpadmin/tag_master
Stack Trace:
#0 /var/www/html/cakephpadmin/app/webroot/index.php(118): Dispatcher->dispatch(Object(CakeRequest), Object(CakeResponse))
#1 {main}
2016-06-17 18:38:02 Error: [MissingViewException] View file "TagMasters/edit.ctp" is missing.
Exception Attributes: array (
  'file' => 'TagMasters/edit.ctp',
)
Request URL: /cakephpadmin/tag_masters/edit/5
Stack Trace:
#0 /var/www/html/cakephpadmin/lib/Cake/View/View.php(470): View->_getViewFileName(NULL)
#1 /var/www/html/cakephpadmin/lib/Cake/Controller/Controller.php(960): View->render(NULL, NULL)
#2 /var/www/html/cakephpadmin/lib/Cake/Routing/Dispatcher.php(200): Controller->render()
#3 /var/www/html/cakephpadmin/lib/Cake/Routing/Dispatcher.php(167): Dispatcher->_invoke(Object(TagMastersController), Object(CakeRequest))
#4 /var/www/html/cakephpadmin/app/webroot/index.php(118): Dispatcher->dispatch(Object(CakeRequest), Object(CakeResponse))
#5 {main}
2016-06-17 18:41:59 Error: Fatal Error (1): Call to a member function read() on a non-object in [/var/www/html/cakephpadmin/app/Controller/TagMastersController.php, line 58]
2016-06-17 18:41:59 Error: [FatalErrorException] Call to a member function read() on a non-object
Request URL: /cakephpadmin/tag_masters/edit/5
Stack Trace:
#0 /var/www/html/cakephpadmin/lib/Cake/Error/ErrorHandler.php(213): ErrorHandler::handleFatalError(1, 'Call to a membe...', '/var/www/html/c...', 58)
#1 [internal function]: ErrorHandler::handleError(1, 'Call to a membe...', '/var/www/html/c...', 58, Array)
#2 /var/www/html/cakephpadmin/lib/Cake/Core/App.php(933): call_user_func('ErrorHandler::h...', 1, 'Call to a membe...', '/var/www/html/c...', 58, Array)
#3 /var/www/html/cakephpadmin/lib/Cake/Core/App.php(906): App::_checkFatalError()
#4 [internal function]: App::shutdown()
#5 {main}
2016-06-17 18:50:23 Error: [PDOException] SQLSTATE[42S22]: Column not found: 1054 Unknown column 'Post.tag_name' in 'where clause'
Request URL: /cakephpadmin/tag_masters/ajax_fetch?datatable=true&numberRecordsPerPage=10&pageNumber=0&paginationMode=remote&searchData=data%255B0%255D%255Btype%255D%3DAND%26data%255B0%255D%255Bcolumns%255D%3DPost.tag_name%26data%255B0%255D%255Boperator%255D%3Dcontain%26data%255B0%255D%255Bvalue%255D%3Dphp
Stack Trace:
#0 /var/www/html/cakephpadmin/lib/Cake/Model/Datasource/DboSource.php(461): PDOStatement->execute(Array)
#1 /var/www/html/cakephpadmin/lib/Cake/Model/Datasource/DboSource.php(427): DboSource->_execute('SELECT `TagMast...', Array)
#2 /var/www/html/cakephpadmin/lib/Cake/Model/Datasource/DboSource.php(669): DboSource->execute('SELECT `TagMast...', Array, Array)
#3 /var/www/html/cakephpadmin/lib/Cake/Model/Datasource/DboSource.php(1114): DboSource->fetchAll('SELECT `TagMast...', false)
#4 /var/www/html/cakephpadmin/lib/Cake/Model/Model.php(3026): DboSource->read(Object(TagMaster), Array)
#5 /var/www/html/cakephpadmin/lib/Cake/Model/Model.php(2998): Model->_readDataSource('all', Array)
#6 /var/www/html/cakephpadmin/app/Controller/Component/CrudComponent.php(113): Model->find('all', Array)
#7 /var/www/html/cakephpadmin/app/Controller/TagMastersController.php(109): CrudComponent->listdata(Array, false)
#8 [internal function]: TagMastersController->ajax_fetch()
#9 /var/www/html/cakephpadmin/lib/Cake/Controller/Controller.php(490): ReflectionMethod->invokeArgs(Object(TagMastersController), Array)
#10 /var/www/html/cakephpadmin/lib/Cake/Routing/Dispatcher.php(193): Controller->invokeAction(Object(CakeRequest))
#11 /var/www/html/cakephpadmin/lib/Cake/Routing/Dispatcher.php(167): Dispatcher->_invoke(Object(TagMastersController), Object(CakeRequest))
#12 /var/www/html/cakephpadmin/app/webroot/index.php(118): Dispatcher->dispatch(Object(CakeRequest), Object(CakeResponse))
#13 {main}
2016-06-17 18:51:25 Error: [MissingControllerException] Controller class JsController could not be found.
Exception Attributes: array (
  'class' => 'JsController',
  'plugin' => NULL,
)
Request URL: /cakephpadmin/js/angular.min.js.map
Stack Trace:
#0 /var/www/html/cakephpadmin/app/webroot/index.php(118): Dispatcher->dispatch(Object(CakeRequest), Object(CakeResponse))
#1 {main}
2016-06-20 11:17:16 Error: [MissingControllerException] Controller class JsController could not be found.
Exception Attributes: array (
  'class' => 'JsController',
  'plugin' => NULL,
)
Request URL: /cakephpadmin/js/angular.min.js.map
Stack Trace:
#0 /var/www/html/cakephpadmin/app/webroot/index.php(118): Dispatcher->dispatch(Object(CakeRequest), Object(CakeResponse))
#1 {main}
2016-06-20 11:25:39 Error: [MissingControllerException] Controller class JsController could not be found.
Exception Attributes: array (
  'class' => 'JsController',
  'plugin' => NULL,
)
Request URL: /cakephpadmin/js/angular.min.js.map
Stack Trace:
#0 /var/www/html/cakephpadmin/app/webroot/index.php(118): Dispatcher->dispatch(Object(CakeRequest), Object(CakeResponse))
#1 {main}
2016-06-20 11:48:41 Error: [MissingControllerException] Controller class JsController could not be found.
Exception Attributes: array (
  'class' => 'JsController',
  'plugin' => NULL,
)
Request URL: /cakephpadmin/js/angular.min.js.map
Stack Trace:
#0 /var/www/html/cakephpadmin/app/webroot/index.php(118): Dispatcher->dispatch(Object(CakeRequest), Object(CakeResponse))
#1 {main}
2016-06-20 11:49:16 Error: [MissingControllerException] Controller class JsController could not be found.
Exception Attributes: array (
  'class' => 'JsController',
  'plugin' => NULL,
)
Request URL: /cakephpadmin/js/angular.min.js.map
Stack Trace:
#0 /var/www/html/cakephpadmin/app/webroot/index.php(118): Dispatcher->dispatch(Object(CakeRequest), Object(CakeResponse))
#1 {main}
2016-06-20 11:49:30 Error: [MissingControllerException] Controller class JsController could not be found.
Exception Attributes: array (
  'class' => 'JsController',
  'plugin' => NULL,
)
Request URL: /cakephpadmin/js/angular.min.js.map
Stack Trace:
#0 /var/www/html/cakephpadmin/app/webroot/index.php(118): Dispatcher->dispatch(Object(CakeRequest), Object(CakeResponse))
#1 {main}
2016-06-20 11:49:33 Error: [MissingControllerException] Controller class JsController could not be found.
Exception Attributes: array (
  'class' => 'JsController',
  'plugin' => NULL,
)
Request URL: /cakephpadmin/js/angular.min.js.map
Stack Trace:
#0 /var/www/html/cakephpadmin/app/webroot/index.php(118): Dispatcher->dispatch(Object(CakeRequest), Object(CakeResponse))
#1 {main}
2016-06-20 11:50:13 Error: [MissingControllerException] Controller class JsController could not be found.
Exception Attributes: array (
  'class' => 'JsController',
  'plugin' => NULL,
)
Request URL: /cakephpadmin/js/angular.min.js.map
Stack Trace:
#0 /var/www/html/cakephpadmin/app/webroot/index.php(118): Dispatcher->dispatch(Object(CakeRequest), Object(CakeResponse))
#1 {main}
2016-06-20 12:30:39 Error: [MissingControllerException] Controller class JsController could not be found.
Exception Attributes: array (
  'class' => 'JsController',
  'plugin' => NULL,
)
Request URL: /cakephpadmin/js/angular.min.js.map
Stack Trace:
#0 /var/www/html/cakephpadmin/app/webroot/index.php(118): Dispatcher->dispatch(Object(CakeRequest), Object(CakeResponse))
#1 {main}
2016-06-20 12:31:47 Error: [MissingControllerException] Controller class JsController could not be found.
Exception Attributes: array (
  'class' => 'JsController',
  'plugin' => NULL,
)
Request URL: /cakephpadmin/js/angular.min.js.map
Stack Trace:
#0 /var/www/html/cakephpadmin/app/webroot/index.php(118): Dispatcher->dispatch(Object(CakeRequest), Object(CakeResponse))
#1 {main}
2016-06-20 12:35:09 Error: [MissingControllerException] Controller class JsController could not be found.
Exception Attributes: array (
  'class' => 'JsController',
  'plugin' => NULL,
)
Request URL: /cakephpadmin/js/angular.min.js.map
Stack Trace:
#0 /var/www/html/cakephpadmin/app/webroot/index.php(118): Dispatcher->dispatch(Object(CakeRequest), Object(CakeResponse))
#1 {main}
2016-06-20 12:36:35 Error: [MissingControllerException] Controller class JsController could not be found.
Exception Attributes: array (
  'class' => 'JsController',
  'plugin' => NULL,
)
Request URL: /cakephpadmin/js/angular.min.js.map
Stack Trace:
#0 /var/www/html/cakephpadmin/app/webroot/index.php(118): Dispatcher->dispatch(Object(CakeRequest), Object(CakeResponse))
#1 {main}
2016-06-20 12:37:10 Error: [MissingControllerException] Controller class JsController could not be found.
Exception Attributes: array (
  'class' => 'JsController',
  'plugin' => NULL,
)
Request URL: /cakephpadmin/js/angular.min.js.map
Stack Trace:
#0 /var/www/html/cakephpadmin/app/webroot/index.php(118): Dispatcher->dispatch(Object(CakeRequest), Object(CakeResponse))
#1 {main}
2016-06-22 18:32:28 Error: [MissingControllerException] Controller class JsController could not be found.
Exception Attributes: array (
  'class' => 'JsController',
  'plugin' => NULL,
)
Request URL: /cakephpadmin/js/angular.min.js.map
Stack Trace:
#0 /var/www/html/cakephpadmin/app/webroot/index.php(118): Dispatcher->dispatch(Object(CakeRequest), Object(CakeResponse))
#1 {main}
2016-06-22 18:33:10 Error: [MissingControllerException] Controller class JsController could not be found.
Exception Attributes: array (
  'class' => 'JsController',
  'plugin' => NULL,
)
Request URL: /cakephpadmin/js/angular.min.js.map
Stack Trace:
#0 /var/www/html/cakephpadmin/app/webroot/index.php(118): Dispatcher->dispatch(Object(CakeRequest), Object(CakeResponse))
#1 {main}
